build/app/intermediates/manifest_merge_blame_file/debug/manifest-merger-blame-debug-report.txt
1<?xml version="1.0" encoding="utf-8"?>
2<manifest xmlns:android="http://schemas.android.com/apk/res/android"
3    package="com.villages.villagesio"
4    android:usesCleartextTraffic="true"
5    android:versionCode="2"
6    android:versionName="1.0.1" >
7
8    <uses-sdk
9        android:minSdkVersion="21"
10        android:targetSdkVersion="31" />
11    <!--
12         The INTERNET permission is required for development. Specifically,
13         the Flutter tool needs it to communicate with the running application
14         to allow setting breakpoints, to provide hot reload, etc.
15    -->
16    <uses-permission android:name="android.permission.INTERNET" />
16-->src/main/AndroidManifest.xml:4:5-66
16-->src/main/AndroidManifest.xml:4:22-64
17    <uses-permission android:name="android.permission.CAMERA" />
17-->src/main/AndroidManifest.xml:5:5-65
17-->src/main/AndroidManifest.xml:5:22-62
18
19    <queries>
19-->[:flutter_inappwebview] AndroidManifest.xml:9:5-13:15
20        <intent>
20-->[:flutter_inappwebview] AndroidManifest.xml:10:9-12:18
21            <action android:name="android.support.customtabs.action.CustomTabsService" />
21-->[:flutter_inappwebview] AndroidManifest.xml:11:13-90
21-->[:flutter_inappwebview] AndroidManifest.xml:11:21-87
22        </intent>
23    </queries> <!-- Create a unique permission for your app and use it so only your app can receive your OneSignal messages. -->
24    <permission
24-->[com.onesignal:OneSignal:4.8.2] AndroidManifest.xml:7:5-9:47
25        android:name="com.villages.villagesio.permission.C2D_MESSAGE"
25-->[com.onesignal:OneSignal:4.8.2] AndroidManifest.xml:8:9-63
26        android:protectionLevel="signature" />
26-->[com.onesignal:OneSignal:4.8.2] AndroidManifest.xml:9:9-44
27
28    <uses-permission android:name="com.villages.villagesio.permission.C2D_MESSAGE" /> <!-- OneSignal SDK has runtime checks Android version. -->
28-->[com.onesignal:OneSignal:4.8.2] AndroidManifest.xml:11:5-79
28-->[com.onesignal:OneSignal:4.8.2] AndroidManifest.xml:11:22-76
29    <!-- <uses-sdk tools:overrideLibrary="android.support.customtabs"/> -->
30    <!-- Required runtime permission to display notifications on Android 13 -->
31    <uses-permission android:name="android.permission.POST_NOTIFICATIONS" /> <!-- c2dm RECEIVE are basic requirements for push messages through Google's FCM -->
31-->[com.onesignal:OneSignal:4.8.2] AndroidManifest.xml:16:5-77
31-->[com.onesignal:OneSignal:4.8.2] AndroidManifest.xml:16:22-74
32    <uses-permission android:name="com.google.android.c2dm.permission.RECEIVE" /> <!-- Required, makes sure notifications are delivered on time. -->
32-->[com.onesignal:OneSignal:4.8.2] AndroidManifest.xml:18:5-82
32-->[com.onesignal:OneSignal:4.8.2] AndroidManifest.xml:18:22-79
33    <uses-permission android:name="android.permission.WAKE_LOCK" />
33-->[com.onesignal:OneSignal:4.8.2] AndroidManifest.xml:19:5-68
33-->[com.onesignal:OneSignal:4.8.2] AndroidManifest.xml:19:22-65
34    <!--
35 Required so the device vibrates on receiving a push notification.
36         Vibration settings of the device still apply.
37    -->
38    <uses-permission android:name="android.permission.VIBRATE" />
38-->[com.onesignal:OneSignal:4.8.2] AndroidManifest.xml:24:5-66
38-->[com.onesignal:OneSignal:4.8.2] AndroidManifest.xml:24:22-63
39    <uses-permission android:name="android.permission.ACCESS_NETWORK_STATE" />
39-->[com.onesignal:OneSignal:4.8.2] AndroidManifest.xml:25:5-79
39-->[com.onesignal:OneSignal:4.8.2] AndroidManifest.xml:25:22-76
40    <!--
41 Use to restore notifications the user hasn't interacted with.
42         They could be missed notifications if the user reboots their device if this isn't in place.
43    -->
44    <uses-permission android:name="android.permission.RECEIVE_BOOT_COMPLETED" /> <!-- START: ShortcutBadger -->
44-->[com.onesignal:OneSignal:4.8.2] AndroidManifest.xml:30:5-81
44-->[com.onesignal:OneSignal:4.8.2] AndroidManifest.xml:30:22-78
45    <!-- Samsung -->
46    <uses-permission android:name="com.sec.android.provider.badge.permission.READ" />
46-->[com.onesignal:OneSignal:4.8.2] AndroidManifest.xml:32:5-86
46-->[com.onesignal:OneSignal:4.8.2] AndroidManifest.xml:32:22-83
47    <uses-permission android:name="com.sec.android.provider.badge.permission.WRITE" /> <!-- HTC -->
47-->[com.onesignal:OneSignal:4.8.2] AndroidManifest.xml:33:5-87
47-->[com.onesignal:OneSignal:4.8.2] AndroidManifest.xml:33:22-84
48    <uses-permission android:name="com.htc.launcher.permission.READ_SETTINGS" />
48-->[com.onesignal:OneSignal:4.8.2] AndroidManifest.xml:34:5-81
48-->[com.onesignal:OneSignal:4.8.2] AndroidManifest.xml:34:22-78
49    <uses-permission android:name="com.htc.launcher.permission.UPDATE_SHORTCUT" /> <!-- Sony -->
49-->[com.onesignal:OneSignal:4.8.2] AndroidManifest.xml:35:5-83
49-->[com.onesignal:OneSignal:4.8.2] AndroidManifest.xml:35:22-80
50    <uses-permission android:name="com.sonyericsson.home.permission.BROADCAST_BADGE" />
50-->[com.onesignal:OneSignal:4.8.2] AndroidManifest.xml:36:5-88
50-->[com.onesignal:OneSignal:4.8.2] AndroidManifest.xml:36:22-85
51    <uses-permission android:name="com.sonymobile.home.permission.PROVIDER_INSERT_BADGE" /> <!-- Apex -->
51-->[com.onesignal:OneSignal:4.8.2] AndroidManifest.xml:37:5-92
51-->[com.onesignal:OneSignal:4.8.2] AndroidManifest.xml:37:22-89
52    <uses-permission android:name="com.anddoes.launcher.permission.UPDATE_COUNT" /> <!-- Solid -->
52-->[com.onesignal:OneSignal:4.8.2] AndroidManifest.xml:38:5-84
52-->[com.onesignal:OneSignal:4.8.2] AndroidManifest.xml:38:22-81
53    <uses-permission android:name="com.majeur.launcher.permission.UPDATE_BADGE" /> <!-- Huawei -->
53-->[com.onesignal:OneSignal:4.8.2] AndroidManifest.xml:39:5-83
53-->[com.onesignal:OneSignal:4.8.2] AndroidManifest.xml:39:22-80
54    <uses-permission android:name="com.huawei.android.launcher.permission.CHANGE_BADGE" />
54-->[com.onesignal:OneSignal:4.8.2] AndroidManifest.xml:40:5-91
54-->[com.onesignal:OneSignal:4.8.2] AndroidManifest.xml:40:22-88
55    <uses-permission android:name="com.huawei.android.launcher.permission.READ_SETTINGS" />
55-->[com.onesignal:OneSignal:4.8.2] AndroidManifest.xml:41:5-92
55-->[com.onesignal:OneSignal:4.8.2] AndroidManifest.xml:41:22-89
56    <uses-permission android:name="com.huawei.android.launcher.permission.WRITE_SETTINGS" /> <!-- ZUK -->
56-->[com.onesignal:OneSignal:4.8.2] AndroidManifest.xml:42:5-93
56-->[com.onesignal:OneSignal:4.8.2] AndroidManifest.xml:42:22-90
57    <uses-permission android:name="android.permission.READ_APP_BADGE" /> <!-- OPPO -->
57-->[com.onesignal:OneSignal:4.8.2] AndroidManifest.xml:43:5-73
57-->[com.onesignal:OneSignal:4.8.2] AndroidManifest.xml:43:22-70
58    <uses-permission android:name="com.oppo.launcher.permission.READ_SETTINGS" />
58-->[com.onesignal:OneSignal:4.8.2] AndroidManifest.xml:44:5-82
58-->[com.onesignal:OneSignal:4.8.2] AndroidManifest.xml:44:22-79
59    <uses-permission android:name="com.oppo.launcher.permission.WRITE_SETTINGS" /> <!-- EvMe -->
59-->[com.onesignal:OneSignal:4.8.2] AndroidManifest.xml:45:5-83
59-->[com.onesignal:OneSignal:4.8.2] AndroidManifest.xml:45:22-80
60    <uses-permission android:name="me.everything.badger.permission.BADGE_COUNT_READ" />
60-->[com.onesignal:OneSignal:4.8.2] AndroidManifest.xml:46:5-88
60-->[com.onesignal:OneSignal:4.8.2] AndroidManifest.xml:46:22-85
61    <uses-permission android:name="me.everything.badger.permission.BADGE_COUNT_WRITE" />
61-->[com.onesignal:OneSignal:4.8.2] AndroidManifest.xml:47:5-89
61-->[com.onesignal:OneSignal:4.8.2] AndroidManifest.xml:47:22-86
62    <uses-permission android:name="com.google.android.gms.permission.AD_ID" />
62-->[com.google.android.gms:play-services-measurement-api:21.2.0] AndroidManifest.xml:25:5-79
62-->[com.google.android.gms:play-services-measurement-api:21.2.0] AndroidManifest.xml:25:22-76
63    <uses-permission android:name="com.google.android.finsky.permission.BIND_GET_INSTALL_REFERRER_SERVICE" />
63-->[com.google.android.gms:play-services-measurement:21.2.0] AndroidManifest.xml:26:5-110
63-->[com.google.android.gms:play-services-measurement:21.2.0] AndroidManifest.xml:26:22-107
64    <uses-permission android:name="android.permission.FOREGROUND_SERVICE" />
64-->[androidx.work:work-runtime:2.7.1] AndroidManifest.xml:28:5-77
64-->[androidx.work:work-runtime:2.7.1] AndroidManifest.xml:28:22-74
65
66    <application
67        android:name="android.app.Application"
68        android:appComponentFactory="androidx.core.app.CoreComponentFactory"
68-->[androidx.core:core:1.7.0] AndroidManifest.xml:24:18-86
69        android:debuggable="true"
70        android:icon="@mipmap/launcher_icon"
71        android:label="Villages.io" >
72        <provider
73            android:name="com.pichillilorenzo.flutter_inappwebview.InAppWebViewFileProvider"
74            android:authorities="com.villages.villagesio.flutter_inappwebview.fileprovider"
75            android:exported="false"
76            android:grantUriPermissions="true" >
77            <meta-data
78                android:name="android.support.FILE_PROVIDER_PATHS"
79                android:resource="@xml/provider_paths" />
80        </provider>
81
82        <activity
83            android:name="com.villages.villagesio.MainActivity"
84            android:configChanges="orientation|keyboardHidden|keyboard|screenSize|smallestScreenSize|locale|layoutDirection|fontScale|screenLayout|density|uiMode"
85            android:exported="true"
86            android:hardwareAccelerated="true"
87            android:launchMode="singleTop"
88            android:theme="@style/LaunchTheme"
89            android:windowSoftInputMode="adjustResize" >
90
91            <!--
92                 Specifies an Android theme to apply to this Activity as soon as
93                 the Android process has started. This theme is visible to the user
94                 while the Flutter UI initializes. After that, this theme continues
95                 to determine the Window background behind the Flutter UI.
96            -->
97            <meta-data
98                android:name="io.flutter.embedding.android.NormalTheme"
99                android:resource="@style/NormalTheme" />
100
101            <intent-filter>
102                <action android:name="android.intent.action.MAIN" />
103
104                <category android:name="android.intent.category.LAUNCHER" />
105            </intent-filter>
106        </activity>
107        <!--
108             Don't delete the meta-data below.
109             This is used by the Flutter tool to generate GeneratedPluginRegistrant.java
110        -->
111        <meta-data
112            android:name="flutterEmbedding"
113            android:value="2" />
114
115        <activity
115-->[:flutter_inappwebview] AndroidManifest.xml:16:9-20:47
116            android:name="com.pichillilorenzo.flutter_inappwebview.in_app_browser.InAppBrowserActivity"
116-->[:flutter_inappwebview] AndroidManifest.xml:17:13-104
117            android:configChanges="orientation|keyboardHidden|keyboard|screenSize|locale|layoutDirection|fontScale|screenLayout|density"
117-->[:flutter_inappwebview] AndroidManifest.xml:18:13-137
118            android:exported="true"
118-->[:flutter_inappwebview] AndroidManifest.xml:19:13-36
119            android:theme="@style/AppTheme" />
119-->[:flutter_inappwebview] AndroidManifest.xml:20:13-44
120        <activity
120-->[:flutter_inappwebview] AndroidManifest.xml:21:9-24:55
121            android:name="com.pichillilorenzo.flutter_inappwebview.chrome_custom_tabs.ChromeCustomTabsActivity"
121-->[:flutter_inappwebview] AndroidManifest.xml:22:13-112
122            android:exported="true"
122-->[:flutter_inappwebview] AndroidManifest.xml:23:13-36
123            android:theme="@style/ThemeTransparent" />
123-->[:flutter_inappwebview] AndroidManifest.xml:24:13-52
124        <activity
124-->[:flutter_inappwebview] AndroidManifest.xml:25:9-28:55
125            android:name="com.pichillilorenzo.flutter_inappwebview.chrome_custom_tabs.TrustedWebActivity"
125-->[:flutter_inappwebview] AndroidManifest.xml:26:13-106
126            android:exported="true"
126-->[:flutter_inappwebview] AndroidManifest.xml:27:13-36
127            android:theme="@style/ThemeTransparent" />
127-->[:flutter_inappwebview] AndroidManifest.xml:28:13-52
128        <activity
128-->[:flutter_inappwebview] AndroidManifest.xml:29:9-33:55
129            android:name="com.pichillilorenzo.flutter_inappwebview.chrome_custom_tabs.ChromeCustomTabsActivitySingleInstance"
129-->[:flutter_inappwebview] AndroidManifest.xml:30:13-126
130            android:exported="true"
130-->[:flutter_inappwebview] AndroidManifest.xml:31:13-36
131            android:launchMode="singleInstance"
131-->[:flutter_inappwebview] AndroidManifest.xml:32:13-48
132            android:theme="@style/ThemeTransparent" />
132-->[:flutter_inappwebview] AndroidManifest.xml:33:13-52
133        <activity
133-->[:flutter_inappwebview] AndroidManifest.xml:34:9-38:55
134            android:name="com.pichillilorenzo.flutter_inappwebview.chrome_custom_tabs.TrustedWebActivitySingleInstance"
134-->[:flutter_inappwebview] AndroidManifest.xml:35:13-120
135            android:exported="true"
135-->[:flutter_inappwebview] AndroidManifest.xml:36:13-36
136            android:launchMode="singleInstance"
136-->[:flutter_inappwebview] AndroidManifest.xml:37:13-48
137            android:theme="@style/ThemeTransparent" />
137-->[:flutter_inappwebview] AndroidManifest.xml:38:13-52
138
139        <receiver
139-->[:flutter_inappwebview] AndroidManifest.xml:40:9-43:40
140            android:name="com.pichillilorenzo.flutter_inappwebview.chrome_custom_tabs.ActionBroadcastReceiver"
140-->[:flutter_inappwebview] AndroidManifest.xml:41:13-111
141            android:enabled="true"
141-->[:flutter_inappwebview] AndroidManifest.xml:42:13-35
142            android:exported="false" />
142-->[:flutter_inappwebview] AndroidManifest.xml:43:13-37
143
144        <meta-data
144-->[:flutter_inappwebview] AndroidManifest.xml:45:9-47:36
145            android:name="io.flutter.embedded_views_preview"
145-->[:flutter_inappwebview] AndroidManifest.xml:46:13-61
146            android:value="true" />
146-->[:flutter_inappwebview] AndroidManifest.xml:47:13-33
147
148        <activity
148-->[:url_launcher_android] AndroidManifest.xml:10:9-13:74
149            android:name="io.flutter.plugins.urllauncher.WebViewActivity"
149-->[:url_launcher_android] AndroidManifest.xml:11:13-74
150            android:exported="false"
150-->[:url_launcher_android] AndroidManifest.xml:12:13-37
151            android:theme="@android:style/Theme.NoTitleBar.Fullscreen" />
151-->[:url_launcher_android] AndroidManifest.xml:13:13-71
152
153        <service
153-->[com.google.firebase:firebase-analytics-ktx:21.2.0] AndroidManifest.xml:8:9-14:19
154            android:name="com.google.firebase.components.ComponentDiscoveryService"
154-->[com.google.firebase:firebase-analytics-ktx:21.2.0] AndroidManifest.xml:9:13-84
155            android:directBootAware="true"
155-->[com.google.firebase:firebase-common:20.2.0] AndroidManifest.xml:34:13-43
156            android:exported="false" >
156-->[com.google.firebase:firebase-analytics-ktx:21.2.0] AndroidManifest.xml:10:13-37
157            <meta-data
157-->[com.google.firebase:firebase-analytics-ktx:21.2.0] AndroidManifest.xml:11:13-13:85
158                android:name="com.google.firebase.components:com.google.firebase.analytics.ktx.FirebaseAnalyticsKtxRegistrar"
158-->[com.google.firebase:firebase-analytics-ktx:21.2.0] AndroidManifest.xml:12:17-126
159                android:value="com.google.firebase.components.ComponentRegistrar" />
159-->[com.google.firebase:firebase-analytics-ktx:21.2.0] AndroidManifest.xml:13:17-82
160            <meta-data
160-->[com.google.firebase:firebase-common-ktx:20.2.0] AndroidManifest.xml:14:13-16:85
161                android:name="com.google.firebase.components:com.google.firebase.ktx.FirebaseCommonKtxRegistrar"
161-->[com.google.firebase:firebase-common-ktx:20.2.0] AndroidManifest.xml:15:17-113
162                android:value="com.google.firebase.components.ComponentRegistrar" />
162-->[com.google.firebase:firebase-common-ktx:20.2.0] AndroidManifest.xml:16:17-82
163            <meta-data
163-->[com.google.firebase:firebase-messaging:23.1.0] AndroidManifest.xml:55:13-57:85
164                android:name="com.google.firebase.components:com.google.firebase.messaging.FirebaseMessagingRegistrar"
164-->[com.google.firebase:firebase-messaging:23.1.0] AndroidManifest.xml:56:17-119
165                android:value="com.google.firebase.components.ComponentRegistrar" />
165-->[com.google.firebase:firebase-messaging:23.1.0] AndroidManifest.xml:57:17-82
166            <meta-data
166-->[com.google.firebase:firebase-datatransport:18.1.7] AndroidManifest.xml:27:13-29:85
167                android:name="com.google.firebase.components:com.google.firebase.datatransport.TransportRegistrar"
167-->[com.google.firebase:firebase-datatransport:18.1.7] AndroidManifest.xml:28:17-115
168                android:value="com.google.firebase.components.ComponentRegistrar" />
168-->[com.google.firebase:firebase-datatransport:18.1.7] AndroidManifest.xml:29:17-82
169            <meta-data
169-->[com.google.android.gms:play-services-measurement-api:21.2.0] AndroidManifest.xml:31:13-33:85
170                android:name="com.google.firebase.components:com.google.firebase.analytics.connector.internal.AnalyticsConnectorRegistrar"
170-->[com.google.android.gms:play-services-measurement-api:21.2.0] AndroidManifest.xml:32:17-139
171                android:value="com.google.firebase.components.ComponentRegistrar" />
171-->[com.google.android.gms:play-services-measurement-api:21.2.0] AndroidManifest.xml:33:17-82
172            <meta-data
172-->[com.google.firebase:firebase-installations:17.1.0] AndroidManifest.xml:17:13-19:85
173                android:name="com.google.firebase.components:com.google.firebase.installations.FirebaseInstallationsRegistrar"
173-->[com.google.firebase:firebase-installations:17.1.0] AndroidManifest.xml:18:17-127
174                android:value="com.google.firebase.components.ComponentRegistrar" />
174-->[com.google.firebase:firebase-installations:17.1.0] AndroidManifest.xml:19:17-82
175        </service>
176
177        <receiver
177-->[com.onesignal:OneSignal:4.8.2] AndroidManifest.xml:50:9-61:20
178            android:name="com.onesignal.FCMBroadcastReceiver"
178-->[com.onesignal:OneSignal:4.8.2] AndroidManifest.xml:51:13-62
179            android:exported="true"
179-->[com.onesignal:OneSignal:4.8.2] AndroidManifest.xml:52:13-36
180            android:permission="com.google.android.c2dm.permission.SEND" >
180-->[com.onesignal:OneSignal:4.8.2] AndroidManifest.xml:53:13-73
181
182            <!-- High priority so OneSignal payloads can be filtered from other FCM receivers -->
183            <intent-filter android:priority="999" >
183-->[com.onesignal:OneSignal:4.8.2] AndroidManifest.xml:56:13-60:29
183-->[com.onesignal:OneSignal:4.8.2] AndroidManifest.xml:56:28-50
184                <action android:name="com.google.android.c2dm.intent.RECEIVE" />
184-->[com.onesignal:OneSignal:4.8.2] AndroidManifest.xml:57:17-81
184-->[com.onesignal:OneSignal:4.8.2] AndroidManifest.xml:57:25-78
185
186                <category android:name="com.villages.villagesio" />
186-->[com.onesignal:OneSignal:4.8.2] AndroidManifest.xml:59:17-61
186-->[com.onesignal:OneSignal:4.8.2] AndroidManifest.xml:59:27-58
187            </intent-filter>
188        </receiver>
189
190        <service
190-->[com.onesignal:OneSignal:4.8.2] AndroidManifest.xml:63:9-69:19
191            android:name="com.onesignal.HmsMessageServiceOneSignal"
191-->[com.onesignal:OneSignal:4.8.2] AndroidManifest.xml:64:13-68
192            android:exported="false" >
192-->[com.onesignal:OneSignal:4.8.2] AndroidManifest.xml:65:13-37
193            <intent-filter>
193-->[com.onesignal:OneSignal:4.8.2] AndroidManifest.xml:66:13-68:29
194                <action android:name="com.huawei.push.action.MESSAGING_EVENT" />
194-->[com.onesignal:OneSignal:4.8.2] AndroidManifest.xml:67:17-81
194-->[com.onesignal:OneSignal:4.8.2] AndroidManifest.xml:67:25-78
195            </intent-filter>
196        </service>
197
198        <activity
198-->[com.onesignal:OneSignal:4.8.2] AndroidManifest.xml:71:9-79:20
199            android:name="com.onesignal.NotificationOpenedActivityHMS"
199-->[com.onesignal:OneSignal:4.8.2] AndroidManifest.xml:72:13-71
200            android:exported="true"
200-->[com.onesignal:OneSignal:4.8.2] AndroidManifest.xml:73:13-36
201            android:noHistory="true"
201-->[com.onesignal:OneSignal:4.8.2] AndroidManifest.xml:74:13-37
202            android:theme="@android:style/Theme.Translucent.NoTitleBar" >
202-->[com.onesignal:OneSignal:4.8.2] AndroidManifest.xml:75:13-72
203            <intent-filter>
203-->[com.onesignal:OneSignal:4.8.2] AndroidManifest.xml:76:13-78:29
204                <action android:name="android.intent.action.VIEW" />
204-->[com.onesignal:OneSignal:4.8.2] AndroidManifest.xml:77:17-69
204-->[com.onesignal:OneSignal:4.8.2] AndroidManifest.xml:77:25-66
205            </intent-filter>
206        </activity>
207
208        <service
208-->[com.onesignal:OneSignal:4.8.2] AndroidManifest.xml:81:9-83:40
209            android:name="com.onesignal.FCMIntentService"
209-->[com.onesignal:OneSignal:4.8.2] AndroidManifest.xml:82:13-58
210            android:exported="false" />
210-->[com.onesignal:OneSignal:4.8.2] AndroidManifest.xml:83:13-37
211        <service
211-->[com.onesignal:OneSignal:4.8.2] AndroidManifest.xml:84:9-87:72
212            android:name="com.onesignal.FCMIntentJobService"
212-->[com.onesignal:OneSignal:4.8.2] AndroidManifest.xml:85:13-61
213            android:exported="false"
213-->[com.onesignal:OneSignal:4.8.2] AndroidManifest.xml:86:13-37
214            android:permission="android.permission.BIND_JOB_SERVICE" />
214-->[com.onesignal:OneSignal:4.8.2] AndroidManifest.xml:87:13-69
215        <service
215-->[com.onesignal:OneSignal:4.8.2] AndroidManifest.xml:88:9-91:43
216            android:name="com.onesignal.SyncService"
216-->[com.onesignal:OneSignal:4.8.2] AndroidManifest.xml:89:13-53
217            android:exported="false"
217-->[com.onesignal:OneSignal:4.8.2] AndroidManifest.xml:90:13-37
218            android:stopWithTask="true" />
218-->[com.onesignal:OneSignal:4.8.2] AndroidManifest.xml:91:13-40
219        <service
219-->[com.onesignal:OneSignal:4.8.2] AndroidManifest.xml:92:9-95:72
220            android:name="com.onesignal.SyncJobService"
220-->[com.onesignal:OneSignal:4.8.2] AndroidManifest.xml:93:13-56
221            android:exported="false"
221-->[com.onesignal:OneSignal:4.8.2] AndroidManifest.xml:94:13-37
222            android:permission="android.permission.BIND_JOB_SERVICE" />
222-->[com.onesignal:OneSignal:4.8.2] AndroidManifest.xml:95:13-69
223
224        <activity
224-->[com.onesignal:OneSignal:4.8.2] AndroidManifest.xml:97:9-100:75
225            android:name="com.onesignal.PermissionsActivity"
225-->[com.onesignal:OneSignal:4.8.2] AndroidManifest.xml:98:13-61
226            android:exported="false"
226-->[com.onesignal:OneSignal:4.8.2] AndroidManifest.xml:99:13-37
227            android:theme="@android:style/Theme.Translucent.NoTitleBar" />
227-->[com.onesignal:OneSignal:4.8.2] AndroidManifest.xml:100:13-72
228
229        <receiver
229-->[com.onesignal:OneSignal:4.8.2] AndroidManifest.xml:102:9-104:39
230            android:name="com.onesignal.NotificationDismissReceiver"
230-->[com.onesignal:OneSignal:4.8.2] AndroidManifest.xml:103:13-69
231            android:exported="true" />
231-->[com.onesignal:OneSignal:4.8.2] AndroidManifest.xml:104:13-36
232        <receiver
232-->[com.onesignal:OneSignal:4.8.2] AndroidManifest.xml:105:9-112:20
233            android:name="com.onesignal.BootUpReceiver"
233-->[com.onesignal:OneSignal:4.8.2] AndroidManifest.xml:106:13-56
234            android:exported="true" >
234-->[com.onesignal:OneSignal:4.8.2] AndroidManifest.xml:107:13-36
235            <intent-filter>
235-->[com.onesignal:OneSignal:4.8.2] AndroidManifest.xml:108:13-111:29
236                <action android:name="android.intent.action.BOOT_COMPLETED" />
236-->[com.onesignal:OneSignal:4.8.2] AndroidManifest.xml:109:17-79
236-->[com.onesignal:OneSignal:4.8.2] AndroidManifest.xml:109:25-76
237                <action android:name="android.intent.action.QUICKBOOT_POWERON" />
237-->[com.onesignal:OneSignal:4.8.2] AndroidManifest.xml:110:17-82
237-->[com.onesignal:OneSignal:4.8.2] AndroidManifest.xml:110:25-79
238            </intent-filter>
239        </receiver>
240        <receiver
240-->[com.onesignal:OneSignal:4.8.2] AndroidManifest.xml:113:9-119:20
241            android:name="com.onesignal.UpgradeReceiver"
241-->[com.onesignal:OneSignal:4.8.2] AndroidManifest.xml:114:13-57
242            android:exported="true" >
242-->[com.onesignal:OneSignal:4.8.2] AndroidManifest.xml:115:13-36
243            <intent-filter>
243-->[com.onesignal:OneSignal:4.8.2] AndroidManifest.xml:116:13-118:29
244                <action android:name="android.intent.action.MY_PACKAGE_REPLACED" />
244-->[com.onesignal:OneSignal:4.8.2] AndroidManifest.xml:117:17-84
244-->[com.onesignal:OneSignal:4.8.2] AndroidManifest.xml:117:25-81
245            </intent-filter>
246        </receiver>
247
248        <activity
248-->[com.onesignal:OneSignal:4.8.2] AndroidManifest.xml:121:9-127:75
249            android:name="com.onesignal.NotificationOpenedReceiver"
249-->[com.onesignal:OneSignal:4.8.2] AndroidManifest.xml:122:13-68
250            android:excludeFromRecents="true"
250-->[com.onesignal:OneSignal:4.8.2] AndroidManifest.xml:123:13-46
251            android:exported="true"
251-->[com.onesignal:OneSignal:4.8.2] AndroidManifest.xml:124:13-36
252            android:noHistory="true"
252-->[com.onesignal:OneSignal:4.8.2] AndroidManifest.xml:125:13-37
253            android:taskAffinity=""
253-->[com.onesignal:OneSignal:4.8.2] AndroidManifest.xml:126:13-36
254            android:theme="@android:style/Theme.Translucent.NoTitleBar" />
254-->[com.onesignal:OneSignal:4.8.2] AndroidManifest.xml:127:13-72
255        <activity
255-->[com.onesignal:OneSignal:4.8.2] AndroidManifest.xml:128:9-133:75
256            android:name="com.onesignal.NotificationOpenedReceiverAndroid22AndOlder"
256-->[com.onesignal:OneSignal:4.8.2] AndroidManifest.xml:129:13-85
257            android:excludeFromRecents="true"
257-->[com.onesignal:OneSignal:4.8.2] AndroidManifest.xml:130:13-46
258            android:exported="true"
258-->[com.onesignal:OneSignal:4.8.2] AndroidManifest.xml:131:13-36
259            android:noHistory="true"
259-->[com.onesignal:OneSignal:4.8.2] AndroidManifest.xml:132:13-37
260            android:theme="@android:style/Theme.Translucent.NoTitleBar" />
260-->[com.onesignal:OneSignal:4.8.2] AndroidManifest.xml:133:13-72
261
262        <uses-library
262-->[androidx.window:window:1.0.0-beta04] AndroidManifest.xml:25:9-27:40
263            android:name="androidx.window.extensions"
263-->[androidx.window:window:1.0.0-beta04] AndroidManifest.xml:26:13-54
264            android:required="false" />
264-->[androidx.window:window:1.0.0-beta04] AndroidManifest.xml:27:13-37
265        <uses-library
265-->[androidx.window:window:1.0.0-beta04] AndroidManifest.xml:28:9-30:40
266            android:name="androidx.window.sidecar"
266-->[androidx.window:window:1.0.0-beta04] AndroidManifest.xml:29:13-51
267            android:required="false" />
267-->[androidx.window:window:1.0.0-beta04] AndroidManifest.xml:30:13-37
268
269        <receiver
269-->[com.google.firebase:firebase-messaging:23.1.0] AndroidManifest.xml:31:9-38:20
270            android:name="com.google.firebase.iid.FirebaseInstanceIdReceiver"
270-->[com.google.firebase:firebase-messaging:23.1.0] AndroidManifest.xml:32:13-78
271            android:exported="true"
271-->[com.google.firebase:firebase-messaging:23.1.0] AndroidManifest.xml:33:13-36
272            android:permission="com.google.android.c2dm.permission.SEND" >
272-->[com.google.firebase:firebase-messaging:23.1.0] AndroidManifest.xml:34:13-73
273            <intent-filter>
273-->[com.google.firebase:firebase-messaging:23.1.0] AndroidManifest.xml:35:13-37:29
274                <action android:name="com.google.android.c2dm.intent.RECEIVE" />
274-->[com.onesignal:OneSignal:4.8.2] AndroidManifest.xml:57:17-81
274-->[com.onesignal:OneSignal:4.8.2] AndroidManifest.xml:57:25-78
275            </intent-filter>
276        </receiver>
277        <!--
278             FirebaseMessagingService performs security checks at runtime,
279             but set to not exported to explicitly avoid allowing another app to call it.
280        -->
281        <service
281-->[com.google.firebase:firebase-messaging:23.1.0] AndroidManifest.xml:44:9-51:19
282            android:name="com.google.firebase.messaging.FirebaseMessagingService"
282-->[com.google.firebase:firebase-messaging:23.1.0] AndroidManifest.xml:45:13-82
283            android:directBootAware="true"
283-->[com.google.firebase:firebase-messaging:23.1.0] AndroidManifest.xml:46:13-43
284            android:exported="false" >
284-->[com.google.firebase:firebase-messaging:23.1.0] AndroidManifest.xml:47:13-37
285            <intent-filter android:priority="-500" >
285-->[com.google.firebase:firebase-messaging:23.1.0] AndroidManifest.xml:48:13-50:29
285-->[com.google.firebase:firebase-messaging:23.1.0] AndroidManifest.xml:48:28-51
286                <action android:name="com.google.firebase.MESSAGING_EVENT" />
286-->[com.google.firebase:firebase-messaging:23.1.0] AndroidManifest.xml:49:17-78
286-->[com.google.firebase:firebase-messaging:23.1.0] AndroidManifest.xml:49:25-75
287            </intent-filter>
288        </service>
289        <service
289-->[com.google.android.datatransport:transport-backend-cct:3.1.8] AndroidManifest.xml:28:9-34:19